android/DCDSMobile/proguard/mapping.txt
edu.mit.ll.dcds.android.AboutActivity -> edu.mit.ll.dcds.android.AboutActivity:
    edu.mit.ll.dcds.android.fragments.AboutFragment mAboutFragment -> e
    void <init>() -> <init>
    void onCreate(android.os.Bundle) -> onCreate
    void onPostCreate(android.os.Bundle) -> onPostCreate
edu.mit.ll.dcds.android.BluetoothLRF -> edu.mit.ll.dcds.android.a:
    edu.mit.ll.dcds.android.BluetoothLRF mInstance -> b
    edu.mit.ll.dcds.android.OnLRFDataListener mListener -> c
    android.bluetooth.BluetoothAdapter mBluetoothAdapter -> d
    android.bluetooth.BluetoothDevice mmDevice -> e
    android.bluetooth.BluetoothSocket mmSocket -> f
    java.io.OutputStream mmOutputStream -> g
    java.io.InputStream mmInputStream -> h
    boolean stopWorker -> i
    java.lang.Thread workerThread -> j
    android.app.Activity mContext -> k
    net.sf.marineapi.nmea.sentence.LTITSentence mSentence -> a
    boolean mConnectedToDevice -> l
    android.os.AsyncTask mBluetoothTask -> m
    void <init>() -> <init>
    edu.mit.ll.dcds.android.BluetoothLRF getInstance(android.app.Activity,edu.mit.ll.dcds.android.OnLRFDataListener) -> a
    void findBT() -> a
    boolean pairDevice() -> k
    boolean openBT() -> b
    boolean isBluetoothAdapterEnabled() -> c
    void closeBT() -> d
    void setOnLRFListener(edu.mit.ll.dcds.android.OnLRFDataListener) -> a
    boolean isConnectedToDevice() -> e
    void cancelConnect() -> f
    java.lang.String getName() -> g
    android.bluetooth.BluetoothDevice getPairedDevice() -> h
    android.bluetooth.BluetoothAdapter access$0(edu.mit.ll.dcds.android.BluetoothLRF) -> a
    void access$1(edu.mit.ll.dcds.android.BluetoothLRF,android.bluetooth.BluetoothAdapter) -> a
    java.io.OutputStream access$2(edu.mit.ll.dcds.android.BluetoothLRF) -> b
edu.mit.ll.dcds.android.BluetoothLRF$1 -> edu.mit.ll.dcds.android.b:
    edu.mit.ll.dcds.android.BluetoothLRF this$0 -> a
    void <init>(edu.mit.ll.dcds.android.BluetoothLRF) -> <init>
    void run() -> run
edu.mit.ll.dcds.android.BluetoothLRF$BluetoothTask -> edu.mit.ll.dcds.android.c:
    edu.mit.ll.dcds.android.BluetoothLRF this$0 -> a
    void <init>(edu.mit.ll.dcds.android.BluetoothLRF) -> <init>
    java.lang.Boolean doInBackground$5f8445a4() -> a
    void onPostExecute(java.lang.Object) -> onPostExecute
    java.lang.Object doInBackground(java.lang.Object[]) -> doInBackground
    void <init>(edu.mit.ll.dcds.android.BluetoothLRF,byte) -> <init>
edu.mit.ll.dcds.android.LRF_HV -> edu.mit.ll.dcds.android.d:
    double horizontalDistanceValue -> a
    double azimuthValue -> b
    double reckonedLatitude -> c
    double reckonedLongitude -> d
    void <init>() -> <init>
    void setHorizontalDistanceValue(double) -> a
    void setAzimuthValue(double) -> b
    double[] getReckonedLocation(float,float,float) -> a
    double[] vreckon$40989dec(float,float) -> a
...
android.support.v4.app.ListFragment$2 -> android.support.a.a.C:
    android.support.v4.app.ListFragment this$0 -> a
    void <init>(android.support.v4.app.ListFragment) -> <init>
    void onItemClick(android.widget.AdapterView,android.view.View,int,long) -> onItemClick
android.support.v4.app.LoaderManager -> android.support.a.a.D:
    boolean hasRunningLoaders() -> a
android.support.v4.app.LoaderManagerImpl -> android.support.a.a.E:
    boolean DEBUG -> a
    android.support.v4.util.SparseArrayCompat mLoaders -> b
    android.support.v4.util.SparseArrayCompat mInactiveLoaders -> g
    java.lang.String mWho -> c
    android.support.v4.app.FragmentActivity mActivity -> d
    boolean mStarted -> e
    boolean mRetaining -> f
    void doStart() -> b
    void doStop() -> c
    void doRetain() -> d
    void doReportNextStart() -> e
    void doReportStart() -> f
    void doDestroy() -> g
    java.lang.String toString() -> toString
    void dump(java.lang.String,java.io.FileDescriptor,java.io.PrintWriter,java.lang.String[]) -> a
    boolean hasRunningLoaders() -> a
    void <clinit>() -> <clinit>
android.support.v4.app.LoaderManagerImpl$LoaderInfo -> android.support.a.a.F:
    int mId -> a
    android.os.Bundle mArgs -> j
    android.support.v4.app.FragmentManager$OnBackStackChangedListener mCallbacks$641e715d -> b
    android.support.v4.content.Loader mLoader -> c
    boolean mHaveData -> k
    boolean mDeliveredData -> d
    java.lang.Object mData -> l
    boolean mStarted -> e
    boolean mRetaining -> f
    boolean mRetainingStarted -> g
    boolean mReportNextStart -> h
    boolean mDestroyed -> m
    boolean mListenerRegistered -> i
    void stop() -> a
    void destroy() -> b
    java.lang.String toString() -> toString
    void dump(java.lang.String,java.io.FileDescriptor,java.io.PrintWriter,java.lang.String[]) -> a
android.support.v4.app.NavUtils -> android.support.a.a.G:
    android.support.v4.app.NavUtils$NavUtilsImpl IMPL -> a
    boolean shouldUpRecreateTask(android.app.Activity,android.content.Intent) -> a
    void navigateUpTo(android.app.Activity,android.content.Intent) -> b
    android.content.Intent getParentActivityIntent(android.app.Activity) -> a
    android.content.Intent getParentActivityIntent(android.content.Context,android.content.ComponentName) -> a
    java.lang.String getParentActivityName(android.app.Activity) -> b
    java.lang.String getParentActivityName(android.content.Context,android.content.ComponentName) -> b
    void <clinit>() -> <clinit>
android.support.v4.app.NavUtils$NavUtilsImpl -> android.support.a.a.H:
    android.content.Intent getParentActivityIntent(android.app.Activity) -> a
    boolean shouldUpRecreateTask(android.app.Activity,android.content.Intent) -> a
    void navigateUpTo(android.app.Activity,android.content.Intent) -> b
    java.lang.String getParentActivityName(android.content.Context,android.content.pm.ActivityInfo) -> a
    void <init>() -> <init>
android.support.v4.app.NavUtils$NavUtilsImplJB -> android.support.a.a.I:
    void <init>() -> <init>
    android.content.Intent getParentActivityIntent(android.app.Activity) -> a
    boolean shouldUpRecreateTask(android.app.Activity,android.content.Intent) -> a
    void navigateUpTo(android.app.Activity,android.content.Intent) -> b
    java.lang.String getParentActivityName(android.content.Context,android.content.pm.ActivityInfo) -> a
android.support.v4.app.NoSaveStateFrameLayout -> android.support.a.a.J:
    android.view.ViewGroup wrap(android.view.View) -> a
    void <init>(android.content.Context) -> <init>
    void dispatchSaveInstanceState(android.util.SparseArray) -> dispatchSaveInstanceState
    void dispatchRestoreInstanceState(android.util.SparseArray) -> dispatchRestoreInstanceState