android/DCDSMobile/proguard/usage.txt
edu.mit.ll.dcds.android.BluetoothLRF:
    public static final int REQUEST_ENABLE
    196:196:public net.sf.marineapi.nmea.sentence.LTITSentence getLatestData()
    208:212:public void sendData()
edu.mit.ll.dcds.android.BuildConfig
edu.mit.ll.dcds.android.LRF_HV:
    36:36:public java.lang.String getHorizontalDistanceUnits()
    52:52:public java.lang.String getAzimuthUnits()
    60:60:public double getInclinationValue()
    68:68:public java.lang.String getInclinationUnits()
    76:76:public double getSlopeDistanceValue()
    84:84:public java.lang.String getSlopeDistanceUnits()
edu.mit.ll.dcds.android.MainActivity:
    private static final java.lang.String STATE_SELECTED_NAVIGATION_ITEM
    private static final java.lang.String STATE_BACK_STACK
    private static final java.lang.String STATE_REPORT_OPENED_FROM_MAP
    private static final java.lang.String STATE_IS_EDIT_FIELD_REPORT
    private static final java.lang.String STATE_IS_VIEW_FIELD_REPORT
    private static final java.lang.String STATE_IS_EDIT_DAMAGE_REPORT
    private static final java.lang.String STATE_IS_VIEW_DAMAGE_REPORT
    private static final java.lang.String STATE_IS_EDIT_SIMPLE_REPORT
    private static final java.lang.String STATE_IS_VIEW_SIMPLE_REPORT
    private static final java.lang.String STATE_IS_EDIT_RESOURCE_REQUEST
    private static final java.lang.String STATE_IS_VIEW_RESOURCE_REQUEST
    private static final java.lang.String STATE_IS_EDIT_WEATHER_REPORT
    private static final java.lang.String STATE_IS_VIEW_WEATHER_REPORT
    private static final java.lang.String STATE_IS_EDIT_UXO_REPORT
    private static final java.lang.String STATE_IS_VIEW_UXO_REPORT
    332:335:private android.content.Context getActionBarThemedContextCompat()
    1530:1541:public void showLRFError(java.lang.String)
edu.mit.ll.dcds.android.MainActivity$5
edu.mit.ll.dcds.android.Manifest
edu.mit.ll.dcds.android.Manifest$permission
edu.mit.ll.dcds.android.R:
    10:10:public R()
edu.mit.ll.dcds.android.R$anim
edu.mit.ll.dcds.android.R$array
edu.mit.ll.dcds.android.R$attr
edu.mit.ll.dcds.android.R$bool
edu.mit.ll.dcds.android.R$color
edu.mit.ll.dcds.android.R$dimen
edu.mit.ll.dcds.android.R$drawable
edu.mit.ll.dcds.android.R$id
edu.mit.ll.dcds.android.R$integer
edu.mit.ll.dcds.android.R$layout
edu.mit.ll.dcds.android.R$menu
edu.mit.ll.dcds.android.R$raw
edu.mit.ll.dcds.android.R$string
edu.mit.ll.dcds.android.R$style
edu.mit.ll.dcds.android.R$styleable:
    public static final int ActionBar_background
    public static final int ActionBar_backgroundSplit
    public static final int ActionBar_backgroundStacked
    public static final int ActionBar_customNavigationLayout
    public static final int ActionBar_displayOptions
    public static final int ActionBar_divider
    public static final int ActionBar_height
    public static final int ActionBar_homeLayout
    public static final int ActionBar_icon
    public static final int ActionBar_indeterminateProgressStyle
    public static final int ActionBar_itemPadding
    public static final int ActionBar_logo
    public static final int ActionBar_navigationMode
    public static final int ActionBar_progressBarPadding
    public static final int ActionBar_progressBarStyle
    public static final int ActionBar_subtitle
    public static final int ActionBar_subtitleTextStyle
    public static final int ActionBar_title
    public static final int ActionBar_titleTextStyle
    public static final int ActionBarLayout_android_layout_gravity
    public static final int ActionBarWindow_windowActionBar
    public static final int ActionBarWindow_windowActionBarOverlay
    public static final int ActionBarWindow_windowFixedHeightMajor
    public static final int ActionBarWindow_windowFixedHeightMinor
    public static final int ActionBarWindow_windowFixedWidthMajor
    public static final int ActionBarWindow_windowFixedWidthMinor
edu.mit.ll.dcds.android.R$xml
...
com.google.common.base.Functions$FunctionForMapNoDefault
com.google.common.base.Functions$IdentityFunction
com.google.common.base.Functions$PredicateFunction
com.google.common.base.Functions$ToStringFunction
com.google.common.base.Joiner
com.google.common.base.Joiner$1
com.google.common.base.Joiner$2
com.google.common.base.Joiner$3
com.google.common.base.Joiner$MapJoiner
com.google.common.base.Objects
com.google.common.base.Objects$1
com.google.common.base.Objects$ToStringHelper
com.google.common.base.PairwiseEquivalence
com.google.common.base.Platform
com.google.common.base.Platform$1
com.google.common.base.Preconditions
com.google.common.base.Predicate
com.google.common.base.Predicates
com.google.common.base.Predicates$1
com.google.common.base.Predicates$AndPredicate
com.google.common.base.Predicates$CompositionPredicate
com.google.common.base.Predicates$ContainsPatternPredicate
com.google.common.base.Predicates$InPredicate
com.google.common.base.Predicates$InstanceOfPredicate
com.google.common.base.Predicates$IsEqualToPredicate
com.google.common.base.Predicates$NotPredicate
com.google.common.base.Predicates$ObjectPredicate
com.google.common.base.Predicates$ObjectPredicate$1
com.google.common.base.Predicates$ObjectPredicate$2
com.google.common.base.Predicates$ObjectPredicate$3
com.google.common.base.Predicates$ObjectPredicate$4
com.google.common.base.Predicates$OrPredicate
com.google.common.base.Splitter
com.google.common.base.Splitter$1
com.google.common.base.Splitter$1$1
com.google.common.base.Splitter$2
com.google.common.base.Splitter$2$1
com.google.common.base.Splitter$3
com.google.common.base.Splitter$3$1
com.google.common.base.Splitter$4
com.google.common.base.Splitter$4$1
com.google.common.base.Splitter$5
com.google.common.base.Splitter$6
com.google.common.base.Splitter$AbstractIterator
com.google.common.base.Splitter$AbstractIterator$State
com.google.common.base.Splitter$SplittingIterator
com.google.common.base.Splitter$Strategy
com.google.common.base.Strings
com.google.common.base.Supplier
com.google.common.base.Suppliers
com.google.common.base.Suppliers$ExpiringMemoizingSupplier
com.google.common.base.Suppliers$MemoizingSupplier
com.google.common.base.Suppliers$SupplierComposition
com.google.common.base.Suppliers$SupplierFunction
com.google.common.base.Suppliers$SupplierOfInstance
com.google.common.base.Suppliers$ThreadSafeSupplier
com.google.common.base.Throwables
com.google.common.base.Ticker
com.google.common.base.internal.Finalizer
com.google.common.base.internal.Finalizer$1
com.google.common.base.internal.Finalizer$ShutDown
com.google.common.base.package-info
com.google.common.collect.AbstractBiMap
com.google.common.collect.AbstractBiMap$1
com.google.common.collect.AbstractBiMap$EntrySet
com.google.common.collect.AbstractBiMap$EntrySet$1
com.google.common.collect.AbstractBiMap$EntrySet$1$1
com.google.common.collect.AbstractBiMap$Inverse
com.google.common.collect.AbstractBiMap$KeySet
com.google.common.collect.AbstractBiMap$KeySet$1
com.google.common.collect.AbstractBiMap$ValueSet
com.google.common.collect.AbstractBiMap$ValueSet$1
com.google.common.collect.AbstractIndexedListIterator
com.google.common.collect.AbstractIterator
com.google.common.collect.AbstractIterator$1
com.google.common.collect.AbstractIterator$State
com.google.common.collect.AbstractLinkedIterator
com.google.common.collect.AbstractListMultimap
com.google.common.collect.AbstractMapBasedMultiset
com.google.common.collect.AbstractMapBasedMultiset$1
com.google.common.collect.AbstractMapBasedMultiset$EntrySet
com.google.common.collect.AbstractMapBasedMultiset$EntrySet$1
com.google.common.collect.AbstractMapBasedMultiset$EntrySet$1$1
com.google.common.collect.AbstractMapBasedMultiset$MapBasedElementSet
com.google.common.collect.AbstractMapBasedMultiset$MapBasedElementSet$1
com.google.common.collect.AbstractMapBasedMultiset$MapBasedMultisetIterator
com.google.common.collect.AbstractMapEntry
com.google.common.collect.AbstractMultimap